{
  "RSpec": {
    "coverage": {
      "/home/saasbook/Documents/petapp/app/controllers/application_controller.rb": [
        1,
        1,
        1,
        null,
        null,
        1,
        null,
        null,
        1,
        null,
        1,
        1,
        1,
        1,
        null,
        null,
        1,
        0,
        0,
        0,
        null,
        null,
        null,
        null,
        null,
        null,
        null,
        null
      ],
      "/home/saasbook/Documents/petapp/app/helpers/application_helper.rb": [
        1,
        null,
        1,
        0,
        null,
        0,
        0,
        null,
        null,
        null,
        null,
        null,
        null,
        null,
        0,
        null,
        null,
        null
      ],
      "/home/saasbook/Documents/petapp/app/helpers/medical_records_helper.rb": [
        1,
        null
      ],
      "/home/saasbook/Documents/petapp/app/controllers/admin_controller.rb": [
        1,
        1,
        1,
        null,
        null,
        1,
        0,
        null,
        null
      ],
      "/home/saasbook/Documents/petapp/app/controllers/authentication_controller.rb": [
        1,
        1,
        2,
        null,
        null,
        1,
        1,
        1,
        1,
        1,
        1,
        null,
        1,
        1,
        1,
        0,
        null,
        1,
        null,
        null,
        0,
        0,
        null,
        null,
        null,
        1,
        null,
        0,
        null,
        0,
        null,
        0,
        0,
        0,
        0,
        null,
        0,
        null,
        null,
        1,
        1,
        null,
        null,
        1,
        0,
        null,
        0,
        0,
        0,
        0,
        0,
        null,
        0,
        null,
        null,
        null,
        1,
        0,
        null,
        null,
        1,
        0,
        null,
        0,
        0,
        0,
        0,
        0,
        0,
        0,
        null,
        0,
        null,
        null,
        null,
        1,
        0,
        null,
        null,
        1,
        1,
        null,
        1,
        0,
        0,
        null,
        0,
        0,
        0,
        null,
        0,
        0,
        null,
        null,
        1,
        0,
        0,
        null,
        1,
        0,
        0,
        0,
        0,
        0,
        0,
        null,
        0,
        0,
        null,
        null,
        null
      ],
      "/home/saasbook/Documents/petapp/app/controllers/medicalrecords_controller.rb": [
        1,
        1,
        null,
        1,
        null,
        1,
        2,
        null,
        null,
        null,
        1,
        null,
        null,
        1,
        3,
        3,
        null,
        null,
        1,
        1,
        1,
        null,
        null,
        1,
        1,
        7,
        1,
        null,
        null,
        null
      ],
      "/home/saasbook/Documents/petapp/app/controllers/profile_controller.rb": [
        1,
        null,
        1,
        null,
        1,
        0,
        0,
        0,
        0,
        0,
        null,
        null,
        1,
        null,
        null,
        1,
        1,
        1,
        1,
        null,
        null
      ],
      "/home/saasbook/Documents/petapp/app/models/complaint.rb": [
        1,
        1,
        null,
        null,
        null,
        null,
        null
      ],
      "/home/saasbook/Documents/petapp/app/models/medical_record.rb": [
        1,
        1,
        null
      ],
      "/home/saasbook/Documents/petapp/app/models/pet.rb": [
        1,
        1,
        null,
        1,
        null
      ],
      "/home/saasbook/Documents/petapp/app/models/petofmonth.rb": [
        1,
        1,
        null
      ],
      "/home/saasbook/Documents/petapp/app/models/user.rb": [
        1,
        1,
        null,
        1,
        null,
        1,
        1,
        null,
        1,
        1,
        1,
        1,
        null,
        null,
        null,
        null,
        null,
        1,
        0,
        null,
        null,
        1,
        0,
        0,
        0,
        null,
        null,
        null,
        null,
        null
      ]
    },
    "timestamp": 1418080365
  },
  "Cucumber Features": {
    "coverage": {
      "/home/saasbook/Documents/petapp/app/controllers/application_controller.rb": [
        1,
        1,
        1,
        null,
        null,
        1,
        null,
        null,
        23,
        null,
        1,
        17,
        0,
        0,
        null,
        null,
        1,
        3,
        0,
        0,
        null,
        null,
        null,
        null,
        null,
        null,
        null,
        null
      ],
      "/home/saasbook/Documents/petapp/app/helpers/application_helper.rb": [
        1,
        null,
        1,
        7,
        null,
        7,
        0,
        null,
        null,
        null,
        null,
        null,
        null,
        null,
        7,
        null,
        null,
        null
      ],
      "/home/saasbook/Documents/petapp/app/helpers/medical_records_helper.rb": [
        1,
        null
      ],
      "/home/saasbook/Documents/petapp/app/controllers/admin_controller.rb": [
        1,
        1,
        1,
        null,
        null,
        1,
        1,
        null,
        null
      ],
      "/home/saasbook/Documents/petapp/app/controllers/authentication_controller.rb": [
        1,
        1,
        13,
        null,
        null,
        1,
        9,
        9,
        9,
        9,
        8,
        null,
        8,
        8,
        8,
        2,
        null,
        6,
        null,
        null,
        1,
        1,
        null,
        null,
        null,
        1,
        null,
        0,
        null,
        0,
        null,
        0,
        0,
        0,
        0,
        null,
        0,
        null,
        null,
        1,
        2,
        null,
        null,
        1,
        1,
        null,
        1,
        1,
        1,
        1,
        1,
        null,
        0,
        null,
        null,
        null,
        1,
        1,
        null,
        null,
        1,
        1,
        null,
        1,
        1,
        1,
        1,
        1,
        1,
        1,
        null,
        0,
        null,
        null,
        null,
        1,
        0,
        null,
        null,
        1,
        1,
        null,
        1,
        1,
        1,
        null,
        1,
        0,
        0,
        null,
        1,
        1,
        null,
        null,
        1,
        1,
        1,
        null,
        1,
        1,
        1,
        1,
        1,
        1,
        1,
        null,
        0,
        0,
        null,
        null,
        null
      ],
      "/home/saasbook/Documents/petapp/app/controllers/medicalrecords_controller.rb": [
        1,
        1,
        null,
        1,
        null,
        1,
        3,
        null,
        null,
        null,
        1,
        null,
        null,
        1,
        1,
        1,
        null,
        null,
        1,
        0,
        0,
        null,
        null,
        1,
        1,
        5,
        0,
        null,
        null,
        null
      ],
      "/home/saasbook/Documents/petapp/app/controllers/profile_controller.rb": [
        1,
        null,
        1,
        null,
        1,
        8,
        8,
        8,
        8,
        8,
        null,
        null,
        1,
        null,
        null,
        1,
        0,
        0,
        0,
        null,
        null
      ],
      "/home/saasbook/Documents/petapp/app/models/complaint.rb": [
        1,
        1,
        null,
        null,
        null,
        null,
        null
      ],
      "/home/saasbook/Documents/petapp/app/models/medical_record.rb": [
        1,
        1,
        null
      ],
      "/home/saasbook/Documents/petapp/app/models/pet.rb": [
        1,
        1,
        null,
        1,
        null
      ],
      "/home/saasbook/Documents/petapp/app/models/petofmonth.rb": [
        1,
        1,
        null
      ],
      "/home/saasbook/Documents/petapp/app/models/user.rb": [
        1,
        1,
        null,
        1,
        null,
        1,
        1,
        null,
        1,
        9,
        9,
        8,
        null,
        null,
        null,
        null,
        null,
        1,
        3,
        null,
        null,
        1,
        0,
        0,
        0,
        null,
        null,
        null,
        null,
        null
      ]
    },
    "timestamp": 1418080435
  }
}
